This is pdfTeX, Version 3.141592653-2.6-1.40.23 (MiKTeX 21.8) (preloaded format=pdflatex 2021.11.24)  4 DEC 2021 05:22
entering extended mode
**./myReport.tex
(myReport.tex
LaTeX2e <2021-06-01> patch level 1
L3 programming layer <2021-08-27>
(C:\Users\Stanley\AppData\Local\Programs\MiKTeX 2.9\tex/latex/base\book.cls
Document Class: book 2021/02/12 v1.4n Standard LaTeX document class
(C:\Users\Stanley\AppData\Local\Programs\MiKTeX 2.9\tex/latex/base\bk11.clo
File: bk11.clo 2021/02/12 v1.4n Standard LaTeX file (size option)
)
\c@part=\count182
\c@chapter=\count183
\c@section=\count184
\c@subsection=\count185
\c@subsubsection=\count186
\c@paragraph=\count187
\c@subparagraph=\count188
\c@figure=\count189
\c@table=\count190
\abovecaptionskip=\skip47
\belowcaptionskip=\skip48
\bibindent=\dimen138
)
(C:\Users\Stanley\AppData\Local\Programs\MiKTeX 2.9\tex/latex/geometry\geometry
.sty
Package: geometry 2020/01/02 v5.9 Page Geometry

(C:\Users\Stanley\AppData\Local\Programs\MiKTeX 2.9\tex/latex/graphics\keyval.s
ty
Package: keyval 2014/10/28 v1.15 key=value parser (DPC)
\KV@toks@=\toks16
)
(C:\Users\Stanley\AppData\Local\Programs\MiKTeX 2.9\tex/generic/iftex\ifvtex.st
y
Package: ifvtex 2019/10/25 v1.7 ifvtex legacy package. Use iftex instead.

(C:\Users\Stanley\AppData\Local\Programs\MiKTeX 2.9\tex/generic/iftex\iftex.sty
Package: iftex 2020/03/06 v1.0d TeX engine tests
))
\Gm@cnth=\count191
\Gm@cntv=\count192
\c@Gm@tempcnt=\count193
\Gm@bindingoffset=\dimen139
\Gm@wd@mp=\dimen140
\Gm@odd@mp=\dimen141
\Gm@even@mp=\dimen142
\Gm@layoutwidth=\dimen143
\Gm@layoutheight=\dimen144
\Gm@layouthoffset=\dimen145
\Gm@layoutvoffset=\dimen146
\Gm@dimlist=\toks17

(C:\Users\Stanley\AppData\Local\Programs\MiKTeX 2.9\tex/latex/geometry\geometry
.cfg))
(C:\Users\Stanley\AppData\Local\Programs\MiKTeX 2.9\tex/latex/setspace\setspace
.sty
Package: setspace 2011/12/19 v6.7a set line spacing
)
(C:\Users\Stanley\AppData\Local\Programs\MiKTeX 2.9\tex/latex/appendix\appendix
.sty
Package: appendix 2020/02/08 v1.2c extra appendix facilities
\c@@pps=\count194
\c@@ppsavesec=\count195
\c@@ppsaveapp=\count196
)
(C:\Users\Stanley\AppData\Local\Programs\MiKTeX 2.9\tex/latex/hyphenat\hyphenat
.sty
Package: hyphenat 2009/09/02 v2.3c hyphenation utilities
\langwohyphens=\language83
LaTeX Info: Redefining \_ on input line 43.
)
(C:\Users\Stanley\AppData\Local\Programs\MiKTeX 2.9\tex/latex/graphics\graphicx
.sty
Package: graphicx 2020/12/05 v1.2c Enhanced LaTeX Graphics (DPC,SPQR)

(C:\Users\Stanley\AppData\Local\Programs\MiKTeX 2.9\tex/latex/graphics\graphics
.sty
Package: graphics 2021/03/04 v1.4d Standard LaTeX Graphics (DPC,SPQR)

(C:\Users\Stanley\AppData\Local\Programs\MiKTeX 2.9\tex/latex/graphics\trig.sty
Package: trig 2016/01/03 v1.10 sin cos tan (DPC)
)
(C:\Users\Stanley\AppData\Local\Programs\MiKTeX 2.9\tex/latex/graphics-cfg\grap
hics.cfg
File: graphics.cfg 2016/06/04 v1.11 sample graphics configuration
)
Package graphics Info: Driver file: pdftex.def on input line 107.

(C:\Users\Stanley\AppData\Local\Programs\MiKTeX 2.9\tex/latex/graphics-def\pdft
ex.def
File: pdftex.def 2020/10/05 v1.2a Graphics/color driver for pdftex
))
\Gin@req@height=\dimen147
\Gin@req@width=\dimen148
)
(C:\Users\Stanley\AppData\Local\Programs\MiKTeX 2.9\tex/latex/l3backend\l3backe
nd-pdftex.def
File: l3backend-pdftex.def 2021-08-04 L3 backend support: PDF output (pdfTeX)
\l__color_backend_stack_int=\count197
\l__pdf_internal_box=\box50
) (myReport.aux)
\openout1 = `myReport.aux'.

LaTeX Font Info:    Checking defaults for OML/cmm/m/it on input line 16.
LaTeX Font Info:    ... okay on input line 16.
LaTeX Font Info:    Checking defaults for OMS/cmsy/m/n on input line 16.
LaTeX Font Info:    ... okay on input line 16.
LaTeX Font Info:    Checking defaults for OT1/cmr/m/n on input line 16.
LaTeX Font Info:    ... okay on input line 16.
LaTeX Font Info:    Checking defaults for T1/cmr/m/n on input line 16.
LaTeX Font Info:    ... okay on input line 16.
LaTeX Font Info:    Checking defaults for TS1/cmr/m/n on input line 16.
LaTeX Font Info:    ... okay on input line 16.
LaTeX Font Info:    Checking defaults for OMX/cmex/m/n on input line 16.
LaTeX Font Info:    ... okay on input line 16.
LaTeX Font Info:    Checking defaults for U/cmr/m/n on input line 16.
LaTeX Font Info:    ... okay on input line 16.

*geometry* driver: auto-detecting
*geometry* detected driver: pdftex
*geometry* verbose mode - [ preamble ] result:
* driver: pdftex
* paper: <default>
* layout: <same size as paper>
* layoutoffset:(h,v)=(0.0pt,0.0pt)
* modes: 
* h-part:(L,W,R)=(86.72377pt, 440.84746pt, 86.72377pt)
* v-part:(T,H,B)=(86.72377pt, 621.52245pt, 86.72377pt)
* \paperwidth=614.295pt
* \paperheight=794.96999pt
* \textwidth=440.84746pt
* \textheight=621.52245pt
* \oddsidemargin=14.45378pt
* \evensidemargin=14.45378pt
* \topmargin=-17.42001pt
* \headheight=12.0pt
* \headsep=19.8738pt
* \topskip=11.0pt
* \footskip=27.46295pt
* \marginparwidth=62.0pt
* \marginparsep=7.0pt
* \columnsep=10.0pt
* \skip\footins=10.0pt plus 4.0pt minus 2.0pt
* \hoffset=0.0pt
* \voffset=0.0pt
* \mag=1000
* \@twocolumnfalse
* \@twosidefalse
* \@mparswitchfalse
* \@reversemarginfalse
* (1in=72.27pt=25.4mm, 1cm=28.453pt)


(C:\Users\Stanley\AppData\Local\Programs\MiKTeX 2.9\tex/context/base/mkii\supp-
pdf.mkii
[Loading MPS to PDF converter (version 2006.09.02).]
\scratchcounter=\count198
\scratchdimen=\dimen149
\scratchbox=\box51
\nofMPsegments=\count199
\nofMParguments=\count266
\everyMPshowfont=\toks18
\MPscratchCnt=\count267
\MPscratchDim=\dimen150
\MPnumerator=\count268
\makeMPintoPDFobject=\count269
\everyMPtoPDFconversion=\toks19
)
(C:\Users\Stanley\AppData\Local\Programs\MiKTeX 2.9\tex/latex/epstopdf-pkg\epst
opdf-base.sty
Package: epstopdf-base 2020-01-24 v2.11 Base part for package epstopdf
Package epstopdf-base Info: Redefining graphics rule for `.eps' on input line 4
85.

(C:\Users\Stanley\AppData\Local\Programs\MiKTeX 2.9\tex/latex/00miktex\epstopdf
-sys.cfg
File: epstopdf-sys.cfg 2021/03/18 v2.0 Configuration of epstopdf for MiKTeX
))
<images/tuoslogo.png, id=1, 78.2925pt x 79.2561pt>
File: images/tuoslogo.png Graphic file (type png)
<use images/tuoslogo.png>
Package pdftex.def Info: images/tuoslogo.png  used on input line 27.
(pdftex.def)             Requested size: 142.26378pt x 144.03468pt.
 [1



{C:/Users/Stanley/AppData/Local/MiKTeX/2.9/pdftex/config/pdftex.map} <./images/
tuoslogo.png>] [2]
Underfull \hbox (badness 10000) in paragraph at lines 48--49

 []

(chapters/abstract.tex [1

]) [2

] (myReport.toc
LaTeX Font Info:    External font `cmex10' loaded for size
(Font)              <10.95> on input line 2.
LaTeX Font Info:    External font `cmex10' loaded for size
(Font)              <8> on input line 2.
LaTeX Font Info:    External font `cmex10' loaded for size
(Font)              <6> on input line 2.
)
\tf@toc=\write3
\openout3 = `myReport.toc'.

 [3

] (myReport.lof)
\tf@lof=\write4
\openout4 = `myReport.lof'.

 [4

]
(chapters/chapter1.tex
Chapter 1.

Overfull \hbox (6.48975pt too wide) in paragraph at lines 3--6
\OT1/cmr/m/n/10.95 Throughout the years, com-pa-nies have de-vel-oped CPU with 
more and more pow-er-ful pro-cess-ing
 []


Overfull \hbox (20.57265pt too wide) in paragraph at lines 3--6
\OT1/cmr/m/n/10.95 power, and these more pow-er-ful CPU comes the in-ven-tion o
f su-per-com-puter, these su-per-com-put-ers
 []


Overfull \hbox (0.37727pt too wide) in paragraph at lines 3--6
\OT1/cmr/m/n/10.95 The so-lu-tion pro-vided by this project is to use the causa
l mod-els, by de-ter-mine the re-la-tion-ship
 []


Overfull \hbox (13.82147pt too wide) in paragraph at lines 10--14
\OT1/cmr/m/n/10.95 com-pu-ta-tional model and is mainly based on a model called
 Co-v-asim, Co-v-asim is a com-pu-ta-tional
 []


Overfull \hbox (0.2252pt too wide) in paragraph at lines 10--14
\OT1/cmr/m/n/10.95 Caus-cum-ber is a in de-vel-op-ing tool and is aimed to pro-
vide a test-ing method for com-pu-ta-tional
 []


Overfull \hbox (2.05017pt too wide) in paragraph at lines 10--14
\OT1/cmr/m/n/10.95 model like Co-v-asim, it uses Cu-cum-ber spec-i-fi-ca-tion, 
an-other tool reads ex-e-cutable spec-i-fi-ca-tion
 []

[1


]
Overfull \hbox (3.66228pt too wide) in paragraph at lines 18--22
\OT1/cmr/m/n/10.95 In the third chap-ter, Re-quire-ments and Anal-y-sis, will b
e mainly talk-ing about the re-quire-ments
 []

) (chapters/chapter2.tex [2]
Chapter 2.

Overfull \hbox (5.7914pt too wide) in paragraph at lines 6--7
\OT1/cmr/m/n/10.95 Using a com-pu-ta-tional model for sci-en-tific re-search is
 com-mon prac-tice with to-day's tech-nol-ogy,
 []

[3

] [4]
<figures/featureFile.png, id=41, 319.1925pt x 308.65312pt>
File: figures/featureFile.png Graphic file (type png)
<use figures/featureFile.png>
Package pdftex.def Info: figures/featureFile.png  used on input line 31.
(pdftex.def)             Requested size: 284.52756pt x 275.1337pt.


LaTeX Warning: `h' float specifier changed to `ht'.

[5]
Underfull \hbox (badness 10000) in paragraph at lines 37--40

 []

[6 <./figures/featureFile.png>]) (chapters/chapter3.tex
Overfull \hbox (7.5251pt too wide) in paragraph at lines 46--1
\OT1/cmr/m/n/10.95 Behave is a pow-er-ful test-ing tool for soft-ware tester's,
 based on the behavior-driven de-vel-op-ment
 []

[7]
Chapter 3.

Overfull \hbox (4.80795pt too wide) in paragraph at lines 2--6
\OT1/cmr/m/n/10.95 of-ten causes de-vel-op-ers of those mod-els un-will-ing to 
test their mod-els thor-oughly. Fur-ther-more,
 []


Underfull \hbox (badness 10000) in paragraph at lines 2--6

 []

<figures/Analysis.png, id=53, 679.53876pt x 357.335pt>
File: figures/Analysis.png Graphic file (type png)
<use figures/Analysis.png>
Package pdftex.def Info: figures/Analysis.png  used on input line 9.
(pdftex.def)             Requested size: 369.88582pt x 194.50107pt.

LaTeX Warning: `h' float specifier changed to `ht'.


Underfull \hbox (badness 10000) in paragraph at lines 16--38

 []

[8

] [9 <./figures/Analysis.png>]
Underfull \hbox (badness 10000) in paragraph at lines 42--45

 []

[10]) (chapters/chapter4.tex [11]
Chapter 4.

Underfull \hbox (badness 10000) in paragraph at lines 5--6

 []


Underfull \hbox (badness 10000) in paragraph at lines 18--23

 []

[12

]
<figures/Gantt_chart.png, id=71, 417.05812pt x 100.12407pt>
File: figures/Gantt_chart.png Graphic file (type png)
<use figures/Gantt_chart.png>
Package pdftex.def Info: figures/Gantt_chart.png  used on input line 32.
(pdftex.def)             Requested size: 455.24408pt x 109.29805pt.

Overfull \hbox (14.39662pt too wide) in paragraph at lines 32--32
 [][] 
 []

<figures/Gui_overview.png, id=72, 417.05812pt x 253.69781pt>
File: figures/Gui_overview.png Graphic file (type png)
<use figures/Gui_overview.png>
Package pdftex.def Info: figures/Gui_overview.png  used on input line 43.
(pdftex.def)             Requested size: 275.99164pt x 167.89398pt.
[13 <./figures/Gantt_chart.png> <./figures/Gui_overview.png>]
<figures/select_feature_file.png, id=79, 417.05812pt x 240.9pt>
File: figures/select_feature_file.png Graphic file (type png)
<use figures/select_feature_file.png>
Package pdftex.def Info: figures/select_feature_file.png  used on input line 50
.
(pdftex.def)             Requested size: 284.52756pt x 164.35751pt.
<figures/Result_display.png, id=80, 416.30531pt x 363.60844pt>
File: figures/Result_display.png Graphic file (type png)
<use figures/Result_display.png>
Package pdftex.def Info: figures/Result_display.png  used on input line 57.
(pdftex.def)             Requested size: 278.83708pt x 243.5498pt.
<figures/Input_section.png, id=81, 417.05812pt x 444.15938pt>
File: figures/Input_section.png Graphic file (type png)
<use figures/Input_section.png>
Package pdftex.def Info: figures/Input_section.png  used on input line 64.
(pdftex.def)             Requested size: 284.52756pt x 303.0342pt.


LaTeX Warning: `h' float specifier changed to `ht'.

[14

 <./figures/select_feature_file.png> <./figures/Result_display.png>])
(chapters/chapter5.tex [15 <./figures/Input_section.png>]
Chapter 5.

Underfull \hbox (badness 10000) in paragraph at lines 3--4

 []


Underfull \hbox (badness 10000) in paragraph at lines 5--6

 []


Underfull \hbox (badness 10000) in paragraph at lines 7--8

 []


Underfull \hbox (badness 10000) in paragraph at lines 11--12

 []


Underfull \hbox (badness 10000) in paragraph at lines 13--14

 []


Underfull \hbox (badness 10000) in paragraph at lines 15--16

 []

) (myReport.bbl [16

]) [17

] (myReport.aux) ) 
Here is how much of TeX's memory you used:
 2089 strings out of 478893
 33617 string characters out of 2848032
 338234 words of memory out of 3000000
 19934 multiletter control sequences out of 15000+600000
 410545 words of font info for 50 fonts, out of 8000000 for 9000
 1141 hyphenation exceptions out of 8191
 57i,7n,66p,1099b,232s stack positions out of 5000i,500n,10000p,200000b,80000s
<C:/Users/Stanley/AppData/Local/Programs/MiKTeX 2.9/fonts/typ
e1/public/amsfonts/cm/cmbx10.pfb><C:/Users/Stanley/AppData/Local/Programs/MiKTe
X 2.9/fonts/type1/public/amsfonts/cm/cmbx12.pfb><C:/Users/Stanley/AppData/Local
/Programs/MiKTeX 2.9/fonts/type1/public/amsfonts/cm/cmcsc10.pfb><C:/Users/Stanl
ey/AppData/Local/Programs/MiKTeX 2.9/fonts/type1/public/amsfonts/cm/cmr10.pfb><
C:/Users/Stanley/AppData/Local/Programs/MiKTeX 2.9/fonts/type1/public/amsfonts/
cm/cmr12.pfb><C:/Users/Stanley/AppData/Local/Programs/MiKTeX 2.9/fonts/type1/pu
blic/amsfonts/cm/cmr17.pfb><C:/Users/Stanley/AppData/Local/Programs/MiKTeX 2.9/
fonts/type1/public/amsfonts/cm/cmsl10.pfb><C:/Users/Stanley/AppData/Local/Progr
ams/MiKTeX 2.9/fonts/type1/public/amsfonts/cm/cmti10.pfb><C:/Users/Stanley/AppD
ata/Local/Programs/MiKTeX 2.9/fonts/type1/public/amsfonts/cm/cmti12.pfb>
Output written on myReport.pdf (23 pages, 482484 bytes).
PDF statistics:
 137 PDF objects out of 1000 (max. 8388607)
 0 named destinations out of 1000 (max. 500000)
 41 words of extra memory for PDF output out of 10000 (max. 10000000)

